Using pre-set license
Built from '2021.3/staging' branch; Version is '2021.3.2f1 (d6360bedb9a0) revision 14038539'; Using compiler version '192829333'; Build Type 'Release'
OS: 'Windows 11  (10.0.22000) 64bit Professional' Language: 'ko' Physical Memory: 16217 MB
BatchMode: 1, IsHumanControllingUs: 0, StartBugReporterOnCrash: 0, Is64bit: 1, IsPro: 1

COMMAND LINE ARGUMENTS:
C:\Program Files\Unity\Hub\Editor\2021.3.2f1\Editor\Unity.exe
-adb2
-batchMode
-noUpm
-name
AssetImportWorker2
-projectPath
C:/Users/kang/My project
-logFile
Logs/AssetImportWorker2.log
-srvPort
57670
Successfully changed project path to: C:/Users/kang/My project
C:/Users/kang/My project
[UnityMemory] Configuration Parameters - Can be set up in boot.config
    "memorysetup-bucket-allocator-granularity=16"
    "memorysetup-bucket-allocator-bucket-count=8"
    "memorysetup-bucket-allocator-block-size=33554432"
    "memorysetup-bucket-allocator-block-count=8"
    "memorysetup-main-allocator-block-size=16777216"
    "memorysetup-thread-allocator-block-size=16777216"
    "memorysetup-gfx-main-allocator-block-size=16777216"
    "memorysetup-gfx-thread-allocator-block-size=16777216"
    "memorysetup-cache-allocator-block-size=4194304"
    "memorysetup-typetree-allocator-block-size=2097152"
    "memorysetup-profiler-bucket-allocator-granularity=16"
    "memorysetup-profiler-bucket-allocator-bucket-count=8"
    "memorysetup-profiler-bucket-allocator-block-size=33554432"
    "memorysetup-profiler-bucket-allocator-block-count=8"
    "memorysetup-profiler-allocator-block-size=16777216"
    "memorysetup-profiler-editor-allocator-block-size=1048576"
    "memorysetup-temp-allocator-size-main=16777216"
    "memorysetup-job-temp-allocator-block-size=2097152"
    "memorysetup-job-temp-allocator-block-size-background=1048576"
    "memorysetup-job-temp-allocator-reduction-small-platforms=262144"
    "memorysetup-temp-allocator-size-background-worker=32768"
    "memorysetup-temp-allocator-size-job-worker=262144"
    "memorysetup-temp-allocator-size-preload-manager=33554432"
    "memorysetup-temp-allocator-size-nav-mesh-worker=65536"
    "memorysetup-temp-allocator-size-audio-worker=65536"
    "memorysetup-temp-allocator-size-cloud-worker=32768"
    "memorysetup-temp-allocator-size-gi-baking-worker=262144"
    "memorysetup-temp-allocator-size-gfx=262144"
Refreshing native plugins compatible for Editor in 102.47 ms, found 3 plugins.
Preloading 0 native plugins for Editor in 0.00 ms.
Initialize engine version: 2021.3.2f1 (d6360bedb9a0)
[Subsystems] Discovering subsystems at path C:/Program Files/Unity/Hub/Editor/2021.3.2f1/Editor/Data/Resources/UnitySubsystems
[Subsystems] Discovering subsystems at path C:/Users/kang/My project/Assets
GfxDevice: creating device client; threaded=0; jobified=0
Direct3D:
    Version:  Direct3D 11.0 [level 11.1]
    Renderer: NVIDIA GeForce GTX 1650 with Max-Q Design (ID=0x1f91)
    Vendor:   NVIDIA
    VRAM:     3964 MB
    Driver:   26.21.14.3184
Initialize mono
Mono path[0] = 'C:/Program Files/Unity/Hub/Editor/2021.3.2f1/Editor/Data/Managed'
Mono path[1] = 'C:/Program Files/Unity/Hub/Editor/2021.3.2f1/Editor/Data/MonoBleedingEdge/lib/mono/unityjit-win32'
Mono config path = 'C:/Program Files/Unity/Hub/Editor/2021.3.2f1/Editor/Data/MonoBleedingEdge/etc'
Using monoOptions --debugger-agent=transport=dt_socket,embedding=1,server=y,suspend=n,address=127.0.0.1:56312
Begin MonoManager ReloadAssembly
Registering precompiled unity dll's ...
Register platform support module: C:/Program Files/Unity/Hub/Editor/2021.3.2f1/Editor/Data/PlaybackEngines/AndroidPlayer/UnityEditor.Android.Extensions.dll
Register platform support module: C:/Program Files/Unity/Hub/Editor/2021.3.2f1/Editor/Data/PlaybackEngines/iOSSupport/UnityEditor.iOS.Extensions.dll
Register platform support module: C:/Program Files/Unity/Hub/Editor/2021.3.2f1/Editor/Data/PlaybackEngines/WindowsStandaloneSupport/UnityEditor.WindowsStandalone.Extensions.dll
Registered in 0.004442 seconds.
Native extension for WindowsStandalone target not found
[usbmuxd] Start listen thread
[usbmuxd] Listen thread started
Native extension for iOS target not found
Native extension for Android target not found
Refreshing native plugins compatible for Editor in 96.07 ms, found 3 plugins.
Preloading 0 native plugins for Editor in 0.00 ms.
Mono: successfully reloaded assembly
- Completed reload, in  0.782 seconds
Domain Reload Profiling:
	ReloadAssembly (783ms)
		BeginReloadAssembly (84ms)
			ExecutionOrderSort (0ms)
			DisableScriptedObjects (0ms)
			BackupInstance (0ms)
			ReleaseScriptingObjects (0ms)
			CreateAndSetChildDomain (1ms)
		EndReloadAssembly (570ms)
			LoadAssemblies (82ms)
			RebuildTransferFunctionScriptingTraits (0ms)
			SetupTypeCache (132ms)
			ReleaseScriptCaches (0ms)
			RebuildScriptCaches (41ms)
			SetupLoadedEditorAssemblies (337ms)
				LogAssemblyErrors (0ms)
				InitializePlatformSupportModulesInManaged (78ms)
				SetLoadedEditorAssemblies (0ms)
				RefreshPlugins (96ms)
				BeforeProcessingInitializeOnLoad (2ms)
				ProcessInitializeOnLoadAttributes (111ms)
				ProcessInitializeOnLoadMethodAttributes (50ms)
				AfterProcessingInitializeOnLoad (0ms)
				EditorAssembliesLoaded (0ms)
			ExecutionOrderSort2 (0ms)
			AwakeInstancesAfterBackupRestoration (0ms)
Platform modules already initialized, skipping
Registering precompiled user dll's ...
Registered in 0.005381 seconds.
Begin MonoManager ReloadAssembly
Symbol file LoadedFromMemory doesn't match image C:\Users\kang\My project\Library\PackageCache\com.unity.visualscripting@1.7.6\Editor\VisualScripting.Core\Dependencies\YamlDotNet\Unity.VisualScripting.YamlDotNet.dll
Symbol file LoadedFromMemory doesn't match image C:\Users\kang\My project\Library\PackageCache\com.unity.visualscripting@1.7.6\Editor\VisualScripting.Core\Dependencies\DotNetZip\Unity.VisualScripting.IonicZip.dll
Native extension for WindowsStandalone target not found
Native extension for iOS target not found
Native extension for Android target not found
Refreshing native plugins compatible for Editor in 0.59 ms, found 3 plugins.
Preloading 0 native plugins for Editor in 0.00 ms.
Mono: successfully reloaded assembly
- Completed reload, in  1.297 seconds
Domain Reload Profiling:
	ReloadAssembly (1298ms)
		BeginReloadAssembly (224ms)
			ExecutionOrderSort (0ms)
			DisableScriptedObjects (6ms)
			BackupInstance (0ms)
			ReleaseScriptingObjects (0ms)
			CreateAndSetChildDomain (130ms)
		EndReloadAssembly (939ms)
			LoadAssemblies (82ms)
			RebuildTransferFunctionScriptingTraits (0ms)
			SetupTypeCache (318ms)
			ReleaseScriptCaches (1ms)
			RebuildScriptCaches (67ms)
			SetupLoadedEditorAssemblies (418ms)
				LogAssemblyErrors (0ms)
				InitializePlatformSupportModulesInManaged (30ms)
				SetLoadedEditorAssemblies (0ms)
				RefreshPlugins (1ms)
				BeforeProcessingInitializeOnLoad (94ms)
				ProcessInitializeOnLoadAttributes (254ms)
				ProcessInitializeOnLoadMethodAttributes (33ms)
				AfterProcessingInitializeOnLoad (5ms)
				EditorAssembliesLoaded (0ms)
			ExecutionOrderSort2 (0ms)
			AwakeInstancesAfterBackupRestoration (5ms)
Platform modules already initialized, skipping
========================================================================
Worker process is ready to serve import requests
Launched and connected shader compiler UnityShaderCompiler.exe after 0.07 seconds
Refreshing native plugins compatible for Editor in 0.56 ms, found 3 plugins.
Preloading 0 native plugins for Editor in 0.00 ms.
Unloading 3376 Unused Serialized files (Serialized files now loaded: 0)
Unloading 26 unused Assets / (112.3 KB). Loaded Objects now: 3838.
Memory consumption went from 125.5 MB to 125.4 MB.
Total: 3.588200 ms (FindLiveObjects: 0.269000 ms CreateObjectMapping: 0.168900 ms MarkObjects: 3.026200 ms  DeleteObjects: 0.122900 ms)

AssetImportParameters requested are different than current active one (requested -> active):
  custom:video-decoder-ogg-theora: a1e56fd34408186e4bbccfd4996cb3dc -> 
  custom:container-muxer-webm: aa71ff27fc2769a1b78a27578f13a17b -> 
  custom:container-demuxer-webm: 4f35f7cbe854078d1ac9338744f61a02 -> 
  custom:video-encoder-webm-vp8: eb34c28f22e8b96e1ab97ce403110664 -> 
  custom:audio-encoder-webm-vorbis: bf7c407c2cedff20999df2af8eb42d56 -> 
  custom:framework-win-MediaFoundation: 216162199b28c13a410421893ffa2e32 -> 
  custom:container-demuxer-ogg: 62fdf1f143b41e24485cea50d1cbac27 -> 
  custom:video-decoder-webm-vp8: 9c59270c3fd7afecdb556c50c9e8de78 -> 
  custom:audio-decoder-ogg-vorbis: bf7c407c2cedff20999df2af8eb42d56 -> 
========================================================================
Received Import Request.
  Time since last request: 186424.087958 seconds.
  path: Assets/Resources/Art/UnityChan/Models/unitychan.fbx
  artifactKey: Guid(8f0565f23a2b58541a475bd3c1393052) Importer(815301076,1909f56bfc062723c751e8b465ee728b)
Start importing Assets/Resources/Art/UnityChan/Models/unitychan.fbx using Guid(8f0565f23a2b58541a475bd3c1393052) Importer(815301076,1909f56bfc062723c751e8b465ee728b)  -> (artifact id: 'f04509ad2b8ce4c225d53f7435f0b9c0') in 0.348251 seconds 
========================================================================
Received Import Request.
  Time since last request: 21.281789 seconds.
  path: Assets/Resources/Art/UnityChan/Animations/Animators
  artifactKey: Guid(c8838c29f8f5f47ce889e797aef95a3a) Importer(815301076,1909f56bfc062723c751e8b465ee728b)
Start importing Assets/Resources/Art/UnityChan/Animations/Animators using Guid(c8838c29f8f5f47ce889e797aef95a3a) Importer(815301076,1909f56bfc062723c751e8b465ee728b)  -> (artifact id: '5c1407b5c40eb52ee0d3801714f1592c') in 0.005559 seconds 
========================================================================
Received Import Request.
  Time since last request: 0.468006 seconds.
  path: Assets/Resources/Art/UnityChan/Animations/FaceAnimation
  artifactKey: Guid(16657e62a84c243128b02e614c3e11a2) Importer(815301076,1909f56bfc062723c751e8b465ee728b)
Start importing Assets/Resources/Art/UnityChan/Animations/FaceAnimation using Guid(16657e62a84c243128b02e614c3e11a2) Importer(815301076,1909f56bfc062723c751e8b465ee728b)  -> (artifact id: '69b34faa470fa394dc634d2ad5e599aa') in 0.005355 seconds 
========================================================================
Received Import Request.
  Time since last request: 24.980982 seconds.
  path: Assets/Resources/Art/UnityChan/Materials/body.mat
  artifactKey: Guid(bb570020a8c3bad4bbf803af20e78937) Importer(815301076,1909f56bfc062723c751e8b465ee728b)
Start importing Assets/Resources/Art/UnityChan/Materials/body.mat using Guid(bb570020a8c3bad4bbf803af20e78937) Importer(815301076,1909f56bfc062723c751e8b465ee728b)  -> (artifact id: 'c77dd56e0d6b012ea8f6fbd0a08f6f52') in 0.047130 seconds 
========================================================================
Received Import Request.
  Time since last request: 0.000025 seconds.
  path: Assets/Resources/Art/UnityChan/Materials/eyeline.mat
  artifactKey: Guid(407f97b032a277c44b753ed1c256a3b8) Importer(815301076,1909f56bfc062723c751e8b465ee728b)
Start importing Assets/Resources/Art/UnityChan/Materials/eyeline.mat using Guid(407f97b032a277c44b753ed1c256a3b8) Importer(815301076,1909f56bfc062723c751e8b465ee728b)  -> (artifact id: '1ef96038b2e176cbcb996477bfa08c0f') in 0.018318 seconds 
========================================================================
Received Import Request.
  Time since last request: 0.000023 seconds.
  path: Assets/Resources/Art/UnityChan/Materials/eyebase.mat
  artifactKey: Guid(9bec51fc47eda6047ba5cc01addbf46f) Importer(815301076,1909f56bfc062723c751e8b465ee728b)
Start importing Assets/Resources/Art/UnityChan/Materials/eyebase.mat using Guid(9bec51fc47eda6047ba5cc01addbf46f) Importer(815301076,1909f56bfc062723c751e8b465ee728b)  -> (artifact id: 'b39fe387c998a365a6e6cae9c0157895') in 0.027877 seconds 
========================================================================
Received Import Request.
  Time since last request: 0.000019 seconds.
  path: Assets/Resources/Art/UnityChan/Materials/eye_R1.mat
  artifactKey: Guid(a87def7cf3654cc43add52e645fee2ce) Importer(815301076,1909f56bfc062723c751e8b465ee728b)
Start importing Assets/Resources/Art/UnityChan/Materials/eye_R1.mat using Guid(a87def7cf3654cc43add52e645fee2ce) Importer(815301076,1909f56bfc062723c751e8b465ee728b)  -> (artifact id: '8653f66a63685779a203177dff875233') in 0.021984 seconds 
========================================================================
Received Import Request.
  Time since last request: 0.000053 seconds.
  path: Assets/Resources/Art/UnityChan/Materials/skin1.mat
  artifactKey: Guid(ca131910d5c9a634dbdd38e77111033f) Importer(815301076,1909f56bfc062723c751e8b465ee728b)
Start importing Assets/Resources/Art/UnityChan/Materials/skin1.mat using Guid(ca131910d5c9a634dbdd38e77111033f) Importer(815301076,1909f56bfc062723c751e8b465ee728b)  -> (artifact id: '39932bd4abc79dc8d334b0cc3786b7ac') in 0.017187 seconds 
========================================================================
Received Import Request.
  Time since last request: 2.411151 seconds.
  path: Assets/Resources/Art/UnityChan/UnityChanShader/Texture/face_00.tga
  artifactKey: Guid(3cf2e516b5353d5499c41818747b4155) Importer(815301076,1909f56bfc062723c751e8b465ee728b)
Start importing Assets/Resources/Art/UnityChan/UnityChanShader/Texture/face_00.tga using Guid(3cf2e516b5353d5499c41818747b4155) Importer(815301076,1909f56bfc062723c751e8b465ee728b)  -> (artifact id: '153eab9320782b17a3a7855a82bf2677') in 0.031484 seconds 
========================================================================
Received Import Request.
  Time since last request: 1.566979 seconds.
  path: Assets/Resources/Art/UnityChan/UnityChanShader/Texture/eyeline_00.tga
  artifactKey: Guid(e315db926a0705845b12da3cc80ea306) Importer(815301076,1909f56bfc062723c751e8b465ee728b)
Start importing Assets/Resources/Art/UnityChan/UnityChanShader/Texture/eyeline_00.tga using Guid(e315db926a0705845b12da3cc80ea306) Importer(815301076,1909f56bfc062723c751e8b465ee728b)  -> (artifact id: '75573816c3162d1d803cb727595e93f5') in 0.017208 seconds 
========================================================================
Received Import Request.
  Time since last request: 66.648110 seconds.
  path: Assets/Resources/Art/UnityChan/UnityChanShader/Texture/cheek_00.tga
  artifactKey: Guid(89ede59217e3847c39c444f223f4084e) Importer(815301076,1909f56bfc062723c751e8b465ee728b)
Start importing Assets/Resources/Art/UnityChan/UnityChanShader/Texture/cheek_00.tga using Guid(89ede59217e3847c39c444f223f4084e) Importer(815301076,1909f56bfc062723c751e8b465ee728b)  -> (artifact id: 'd440d56b023c3227585898d568c69f83') in 0.019416 seconds 
========================================================================
Received Import Request.
  Time since last request: 0.000022 seconds.
  path: Assets/Resources/Art/UnityChan/UnityChanShader/Texture/skin_01.tga
  artifactKey: Guid(cc51a9a8397e3c5498dda60419ad3ec9) Importer(815301076,1909f56bfc062723c751e8b465ee728b)
Start importing Assets/Resources/Art/UnityChan/UnityChanShader/Texture/skin_01.tga using Guid(cc51a9a8397e3c5498dda60419ad3ec9) Importer(815301076,1909f56bfc062723c751e8b465ee728b)  -> (artifact id: '2876791379c2ace69466c8bff45cfd22') in 0.017172 seconds 
========================================================================
Received Import Request.
  Time since last request: 0.000037 seconds.
  path: Assets/Resources/Art/UnityChan/UnityChanShader/Texture/guide.tga
  artifactKey: Guid(d04d722a0c808412ea85876950eec517) Importer(815301076,1909f56bfc062723c751e8b465ee728b)
Start importing Assets/Resources/Art/UnityChan/UnityChanShader/Texture/guide.tga using Guid(d04d722a0c808412ea85876950eec517) Importer(815301076,1909f56bfc062723c751e8b465ee728b)  -> (artifact id: '0c19b491db30f22d8fd53e15171ffd92') in 0.019066 seconds 
========================================================================
Received Import Request.
  Time since last request: 0.000027 seconds.
  path: Assets/Resources/Art/UnityChan/UnityChanShader/Texture/hair_01.tga
  artifactKey: Guid(cbb65ec17f92eb44fb0dde6381b6a415) Importer(815301076,1909f56bfc062723c751e8b465ee728b)
Start importing Assets/Resources/Art/UnityChan/UnityChanShader/Texture/hair_01.tga using Guid(cbb65ec17f92eb44fb0dde6381b6a415) Importer(815301076,1909f56bfc062723c751e8b465ee728b)  -> (artifact id: '8ec4f1498f1376e969868ea5daf54b0c') in 0.019746 seconds 
========================================================================
Received Import Request.
  Time since last request: 0.000023 seconds.
  path: Assets/Resources/Art/UnityChan/UnityChanShader/Texture/hair_01_SPEC.tga
  artifactKey: Guid(c4271b2b1e8bfa949aa9230abaa7709e) Importer(815301076,1909f56bfc062723c751e8b465ee728b)
Start importing Assets/Resources/Art/UnityChan/UnityChanShader/Texture/hair_01_SPEC.tga using Guid(c4271b2b1e8bfa949aa9230abaa7709e) Importer(815301076,1909f56bfc062723c751e8b465ee728b)  -> (artifact id: '84f1d62ffff995760746e60cc59a750d') in 0.023638 seconds 
========================================================================
Received Import Request.
  Time since last request: 81.664438 seconds.
  path: Assets/Resources/Art/UnityChan/UnityChanShader/Shader/CharaOutline.cg
  artifactKey: Guid(98e9eccf54dd0e34c9cb77865555483f) Importer(815301076,1909f56bfc062723c751e8b465ee728b)
Start importing Assets/Resources/Art/UnityChan/UnityChanShader/Shader/CharaOutline.cg using Guid(98e9eccf54dd0e34c9cb77865555483f) Importer(815301076,1909f56bfc062723c751e8b465ee728b)  -> (artifact id: 'd82b65d19b27b662612b494acfe3525c') in 0.007050 seconds 
========================================================================
Received Import Request.
  Time since last request: 0.000027 seconds.
  path: Assets/Resources/Art/UnityChan/UnityChanShader/Shader/CharaSkin.cg
  artifactKey: Guid(fe01eae1ec1d1c24b99530833c8c8241) Importer(815301076,1909f56bfc062723c751e8b465ee728b)
Start importing Assets/Resources/Art/UnityChan/UnityChanShader/Shader/CharaSkin.cg using Guid(fe01eae1ec1d1c24b99530833c8c8241) Importer(815301076,1909f56bfc062723c751e8b465ee728b)  -> (artifact id: '948e2f512e168240998b51b3b3f0318c') in 0.006004 seconds 
